[2020-11-24 14:36:51] local.ERROR: syntax error, unexpected ';', expecting ')' {"exception":"[object] (Symfony\\Component\\Debug\\Exception\\FatalThrowableError(code: 0): syntax error, unexpected ';', expecting ')' at D:\\laragon\\www\\mso-booking\\app\\Helpers\\HtmlHelpers.php:52)
[stacktrace]
#0 D:\\laragon\\www\\mso-booking\\vendor\\laravel\\framework\\src\\Illuminate\\Foundation\\Application.php(607): App\\Providers\\HelperServiceProvider->register()
#1 D:\\laragon\\www\\mso-booking\\vendor\\laravel\\framework\\src\\Illuminate\\Foundation\\ProviderRepository.php(75): Illuminate\\Foundation\\Application->register(Object(App\\Providers\\HelperServiceProvider))
#2 D:\\laragon\\www\\mso-booking\\vendor\\laravel\\framework\\src\\Illuminate\\Foundation\\Application.php(584): Illuminate\\Foundation\\ProviderRepository->load(Array)
#3 D:\\laragon\\www\\mso-booking\\vendor\\laravel\\framework\\src\\Illuminate\\Foundation\\Bootstrap\\RegisterProviders.php(17): Illuminate\\Foundation\\Application->registerConfiguredProviders()
#4 D:\\laragon\\www\\mso-booking\\vendor\\laravel\\framework\\src\\Illuminate\\Foundation\\Application.php(210): Illuminate\\Foundation\\Bootstrap\\RegisterProviders->bootstrap(Object(Illuminate\\Foundation\\Application))
#5 D:\\laragon\\www\\mso-booking\\vendor\\laravel\\framework\\src\\Illuminate\\Foundation\\Http\\Kernel.php(162): Illuminate\\Foundation\\Application->bootstrapWith(Array)
#6 D:\\laragon\\www\\mso-booking\\vendor\\laravel\\framework\\src\\Illuminate\\Foundation\\Http\\Kernel.php(146): Illuminate\\Foundation\\Http\\Kernel->bootstrap()
#7 D:\\laragon\\www\\mso-booking\\vendor\\laravel\\framework\\src\\Illuminate\\Foundation\\Http\\Kernel.php(116): Illuminate\\Foundation\\Http\\Kernel->sendRequestThroughRouter(Object(Illuminate\\Http\\Request))
#8 D:\\laragon\\www\\mso-booking\\public\\index.php(55): Illuminate\\Foundation\\Http\\Kernel->handle(Object(Illuminate\\Http\\Request))
#9 {main}
"} 
[2020-11-24 14:36:52] local.ERROR: Class translator does not exist (View: D:\laragon\www\mso-booking\vendor\laravel\framework\src\Illuminate\Foundation\Exceptions\views\500.blade.php) {"exception":"[object] (ErrorException(code: 0): Class translator does not exist (View: D:\\laragon\\www\\mso-booking\\vendor\\laravel\\framework\\src\\Illuminate\\Foundation\\Exceptions\\views\\500.blade.php) at D:\\laragon\\www\\mso-booking\\vendor\\laravel\\framework\\src\\Illuminate\\Container\\Container.php:788, ReflectionException(code: -1): Class translator does not exist at D:\\laragon\\www\\mso-booking\\vendor\\laravel\\framework\\src\\Illuminate\\Container\\Container.php:788)
[stacktrace]
#0 D:\\laragon\\www\\mso-booking\\vendor\\laravel\\framework\\src\\Illuminate\\View\\Engines\\PhpEngine.php(45): Illuminate\\View\\Engines\\CompilerEngine->handleViewException(Object(ReflectionException), 1)
#1 D:\\laragon\\www\\mso-booking\\vendor\\laravel\\framework\\src\\Illuminate\\View\\Engines\\CompilerEngine.php(59): Illuminate\\View\\Engines\\PhpEngine->evaluatePath('D:\\\\laragon\\\\www\\\\...', Array)
#2 D:\\laragon\\www\\mso-booking\\vendor\\laravel\\framework\\src\\Illuminate\\View\\View.php(142): Illuminate\\View\\Engines\\CompilerEngine->get('D:\\\\laragon\\\\www\\\\...', Array)
#3 D:\\laragon\\www\\mso-booking\\vendor\\laravel\\framework\\src\\Illuminate\\View\\View.php(125): Illuminate\\View\\View->getContents()
#4 D:\\laragon\\www\\mso-booking\\vendor\\laravel\\framework\\src\\Illuminate\\View\\View.php(90): Illuminate\\View\\View->renderContents()
#5 D:\\laragon\\www\\mso-booking\\vendor\\laravel\\framework\\src\\Illuminate\\Http\\Response.php(42): Illuminate\\View\\View->render()
#6 D:\\laragon\\www\\mso-booking\\vendor\\symfony\\http-foundation\\Response.php(205): Illuminate\\Http\\Response->setContent(Object(Illuminate\\View\\View))
#7 D:\\laragon\\www\\mso-booking\\vendor\\laravel\\framework\\src\\Illuminate\\Routing\\ResponseFactory.php(55): Symfony\\Component\\HttpFoundation\\Response->__construct(Object(Illuminate\\View\\View), 500, Array)
#8 D:\\laragon\\www\\mso-booking\\vendor\\laravel\\framework\\src\\Illuminate\\Routing\\ResponseFactory.php(81): Illuminate\\Routing\\ResponseFactory->make(Object(Illuminate\\View\\View), 500, Array)
#9 D:\\laragon\\www\\mso-booking\\vendor\\laravel\\framework\\src\\Illuminate\\Foundation\\Exceptions\\Handler.php(390): Illuminate\\Routing\\ResponseFactory->view('errors::500', Array, 500, Array)
#10 D:\\laragon\\www\\mso-booking\\vendor\\laravel\\framework\\src\\Illuminate\\Foundation\\Exceptions\\Handler.php(295): Illuminate\\Foundation\\Exceptions\\Handler->renderHttpException(Object(Symfony\\Component\\HttpKernel\\Exception\\HttpException))
#11 D:\\laragon\\www\\mso-booking\\vendor\\laravel\\framework\\src\\Illuminate\\Foundation\\Exceptions\\Handler.php(192): Illuminate\\Foundation\\Exceptions\\Handler->prepareResponse(Object(Illuminate\\Http\\Request), Object(Symfony\\Component\\HttpKernel\\Exception\\HttpException))
#12 D:\\laragon\\www\\mso-booking\\app\\Exceptions\\Handler.php(49): Illuminate\\Foundation\\Exceptions\\Handler->render(Object(Illuminate\\Http\\Request), Object(Symfony\\Component\\Debug\\Exception\\FatalThrowableError))
#13 D:\\laragon\\www\\mso-booking\\vendor\\laravel\\framework\\src\\Illuminate\\Foundation\\Http\\Kernel.php(326): App\\Exceptions\\Handler->render(Object(Illuminate\\Http\\Request), Object(Symfony\\Component\\Debug\\Exception\\FatalThrowableError))
#14 D:\\laragon\\www\\mso-booking\\vendor\\laravel\\framework\\src\\Illuminate\\Foundation\\Http\\Kernel.php(124): Illuminate\\Foundation\\Http\\Kernel->renderException(Object(Illuminate\\Http\\Request), Object(Symfony\\Component\\Debug\\Exception\\FatalThrowableError))
#15 D:\\laragon\\www\\mso-booking\\public\\index.php(55): Illuminate\\Foundation\\Http\\Kernel->handle(Object(Illuminate\\Http\\Request))
#16 {main}
"} 
[2020-11-24 14:36:52] local.ERROR: Uncaught ReflectionException: Class translator does not exist in D:\laragon\www\mso-booking\vendor\laravel\framework\src\Illuminate\Container\Container.php:788
Stack trace:
#0 D:\laragon\www\mso-booking\vendor\laravel\framework\src\Illuminate\Container\Container.php(788): ReflectionClass->__construct('translator')
#1 D:\laragon\www\mso-booking\vendor\laravel\framework\src\Illuminate\Container\Container.php(667): Illuminate\Container\Container->build('translator')
#2 D:\laragon\www\mso-booking\vendor\laravel\framework\src\Illuminate\Container\Container.php(615): Illuminate\Container\Container->resolve('translator', Array)
#3 D:\laragon\www\mso-booking\vendor\laravel\framework\src\Illuminate\Foundation\Application.php(767): Illuminate\Container\Container->make('translator', Array)
#4 D:\laragon\www\mso-booking\vendor\laravel\framework\src\Illuminate\Foundation\helpers.php(121): Illuminate\Foundation\Application->make('translator', Array)
#5 D:\laragon\www\mso-booking\vendor\laravel\framework\src\Illuminate\Foun {"exception":"[object] (Symfony\\Component\\Debug\\Exception\\FatalErrorException(code: 1): Uncaught ReflectionException: Class translator does not exist in D:\\laragon\\www\\mso-booking\\vendor\\laravel\\framework\\src\\Illuminate\\Container\\Container.php:788
Stack trace:
#0 D:\\laragon\\www\\mso-booking\\vendor\\laravel\\framework\\src\\Illuminate\\Container\\Container.php(788): ReflectionClass->__construct('translator')
#1 D:\\laragon\\www\\mso-booking\\vendor\\laravel\\framework\\src\\Illuminate\\Container\\Container.php(667): Illuminate\\Container\\Container->build('translator')
#2 D:\\laragon\\www\\mso-booking\\vendor\\laravel\\framework\\src\\Illuminate\\Container\\Container.php(615): Illuminate\\Container\\Container->resolve('translator', Array)
#3 D:\\laragon\\www\\mso-booking\\vendor\\laravel\\framework\\src\\Illuminate\\Foundation\\Application.php(767): Illuminate\\Container\\Container->make('translator', Array)
#4 D:\\laragon\\www\\mso-booking\\vendor\\laravel\\framework\\src\\Illuminate\\Foundation\\helpers.php(121): Illuminate\\Foundation\\Application->make('translator', Array)
#5 D:\\laragon\\www\\mso-booking\\vendor\\laravel\\framework\\src\\Illuminate\\Foun at D:\\laragon\\www\\mso-booking\\vendor\\laravel\\framework\\src\\Illuminate\\Container\\Container.php:788)
[stacktrace]
#0 {main}
"} 
[2020-11-24 14:37:12] local.ERROR: syntax error, unexpected ';', expecting ')' {"exception":"[object] (Symfony\\Component\\Debug\\Exception\\FatalThrowableError(code: 0): syntax error, unexpected ';', expecting ')' at D:\\laragon\\www\\mso-booking\\app\\Helpers\\HtmlHelpers.php:52)
[stacktrace]
#0 D:\\laragon\\www\\mso-booking\\vendor\\laravel\\framework\\src\\Illuminate\\Foundation\\Application.php(607): App\\Providers\\HelperServiceProvider->register()
#1 D:\\laragon\\www\\mso-booking\\vendor\\laravel\\framework\\src\\Illuminate\\Foundation\\ProviderRepository.php(75): Illuminate\\Foundation\\Application->register(Object(App\\Providers\\HelperServiceProvider))
#2 D:\\laragon\\www\\mso-booking\\vendor\\laravel\\framework\\src\\Illuminate\\Foundation\\Application.php(584): Illuminate\\Foundation\\ProviderRepository->load(Array)
#3 D:\\laragon\\www\\mso-booking\\vendor\\laravel\\framework\\src\\Illuminate\\Foundation\\Bootstrap\\RegisterProviders.php(17): Illuminate\\Foundation\\Application->registerConfiguredProviders()
#4 D:\\laragon\\www\\mso-booking\\vendor\\laravel\\framework\\src\\Illuminate\\Foundation\\Application.php(210): Illuminate\\Foundation\\Bootstrap\\RegisterProviders->bootstrap(Object(Illuminate\\Foundation\\Application))
#5 D:\\laragon\\www\\mso-booking\\vendor\\laravel\\framework\\src\\Illuminate\\Foundation\\Http\\Kernel.php(162): Illuminate\\Foundation\\Application->bootstrapWith(Array)
#6 D:\\laragon\\www\\mso-booking\\vendor\\laravel\\framework\\src\\Illuminate\\Foundation\\Http\\Kernel.php(146): Illuminate\\Foundation\\Http\\Kernel->bootstrap()
#7 D:\\laragon\\www\\mso-booking\\vendor\\laravel\\framework\\src\\Illuminate\\Foundation\\Http\\Kernel.php(116): Illuminate\\Foundation\\Http\\Kernel->sendRequestThroughRouter(Object(Illuminate\\Http\\Request))
#8 D:\\laragon\\www\\mso-booking\\public\\index.php(55): Illuminate\\Foundation\\Http\\Kernel->handle(Object(Illuminate\\Http\\Request))
#9 {main}
"} 
[2020-11-24 14:37:12] local.ERROR: Class translator does not exist (View: D:\laragon\www\mso-booking\vendor\laravel\framework\src\Illuminate\Foundation\Exceptions\views\500.blade.php) {"exception":"[object] (ErrorException(code: 0): Class translator does not exist (View: D:\\laragon\\www\\mso-booking\\vendor\\laravel\\framework\\src\\Illuminate\\Foundation\\Exceptions\\views\\500.blade.php) at D:\\laragon\\www\\mso-booking\\vendor\\laravel\\framework\\src\\Illuminate\\Container\\Container.php:788, ReflectionException(code: -1): Class translator does not exist at D:\\laragon\\www\\mso-booking\\vendor\\laravel\\framework\\src\\Illuminate\\Container\\Container.php:788)
[stacktrace]
#0 D:\\laragon\\www\\mso-booking\\vendor\\laravel\\framework\\src\\Illuminate\\View\\Engines\\PhpEngine.php(45): Illuminate\\View\\Engines\\CompilerEngine->handleViewException(Object(ReflectionException), 1)
#1 D:\\laragon\\www\\mso-booking\\vendor\\laravel\\framework\\src\\Illuminate\\View\\Engines\\CompilerEngine.php(59): Illuminate\\View\\Engines\\PhpEngine->evaluatePath('D:\\\\laragon\\\\www\\\\...', Array)
#2 D:\\laragon\\www\\mso-booking\\vendor\\laravel\\framework\\src\\Illuminate\\View\\View.php(142): Illuminate\\View\\Engines\\CompilerEngine->get('D:\\\\laragon\\\\www\\\\...', Array)
#3 D:\\laragon\\www\\mso-booking\\vendor\\laravel\\framework\\src\\Illuminate\\View\\View.php(125): Illuminate\\View\\View->getContents()
#4 D:\\laragon\\www\\mso-booking\\vendor\\laravel\\framework\\src\\Illuminate\\View\\View.php(90): Illuminate\\View\\View->renderContents()
#5 D:\\laragon\\www\\mso-booking\\vendor\\laravel\\framework\\src\\Illuminate\\Http\\Response.php(42): Illuminate\\View\\View->render()
#6 D:\\laragon\\www\\mso-booking\\vendor\\symfony\\http-foundation\\Response.php(205): Illuminate\\Http\\Response->setContent(Object(Illuminate\\View\\View))
#7 D:\\laragon\\www\\mso-booking\\vendor\\laravel\\framework\\src\\Illuminate\\Routing\\ResponseFactory.php(55): Symfony\\Component\\HttpFoundation\\Response->__construct(Object(Illuminate\\View\\View), 500, Array)
#8 D:\\laragon\\www\\mso-booking\\vendor\\laravel\\framework\\src\\Illuminate\\Routing\\ResponseFactory.php(81): Illuminate\\Routing\\ResponseFactory->make(Object(Illuminate\\View\\View), 500, Array)
#9 D:\\laragon\\www\\mso-booking\\vendor\\laravel\\framework\\src\\Illuminate\\Foundation\\Exceptions\\Handler.php(390): Illuminate\\Routing\\ResponseFactory->view('errors::500', Array, 500, Array)
#10 D:\\laragon\\www\\mso-booking\\vendor\\laravel\\framework\\src\\Illuminate\\Foundation\\Exceptions\\Handler.php(295): Illuminate\\Foundation\\Exceptions\\Handler->renderHttpException(Object(Symfony\\Component\\HttpKernel\\Exception\\HttpException))
#11 D:\\laragon\\www\\mso-booking\\vendor\\laravel\\framework\\src\\Illuminate\\Foundation\\Exceptions\\Handler.php(192): Illuminate\\Foundation\\Exceptions\\Handler->prepareResponse(Object(Illuminate\\Http\\Request), Object(Symfony\\Component\\HttpKernel\\Exception\\HttpException))
#12 D:\\laragon\\www\\mso-booking\\app\\Exceptions\\Handler.php(49): Illuminate\\Foundation\\Exceptions\\Handler->render(Object(Illuminate\\Http\\Request), Object(Symfony\\Component\\Debug\\Exception\\FatalThrowableError))
#13 D:\\laragon\\www\\mso-booking\\vendor\\laravel\\framework\\src\\Illuminate\\Foundation\\Http\\Kernel.php(326): App\\Exceptions\\Handler->render(Object(Illuminate\\Http\\Request), Object(Symfony\\Component\\Debug\\Exception\\FatalThrowableError))
#14 D:\\laragon\\www\\mso-booking\\vendor\\laravel\\framework\\src\\Illuminate\\Foundation\\Http\\Kernel.php(124): Illuminate\\Foundation\\Http\\Kernel->renderException(Object(Illuminate\\Http\\Request), Object(Symfony\\Component\\Debug\\Exception\\FatalThrowableError))
#15 D:\\laragon\\www\\mso-booking\\public\\index.php(55): Illuminate\\Foundation\\Http\\Kernel->handle(Object(Illuminate\\Http\\Request))
#16 {main}
"} 
[2020-11-24 14:37:12] local.ERROR: Uncaught ReflectionException: Class translator does not exist in D:\laragon\www\mso-booking\vendor\laravel\framework\src\Illuminate\Container\Container.php:788
Stack trace:
#0 D:\laragon\www\mso-booking\vendor\laravel\framework\src\Illuminate\Container\Container.php(788): ReflectionClass->__construct('translator')
#1 D:\laragon\www\mso-booking\vendor\laravel\framework\src\Illuminate\Container\Container.php(667): Illuminate\Container\Container->build('translator')
#2 D:\laragon\www\mso-booking\vendor\laravel\framework\src\Illuminate\Container\Container.php(615): Illuminate\Container\Container->resolve('translator', Array)
#3 D:\laragon\www\mso-booking\vendor\laravel\framework\src\Illuminate\Foundation\Application.php(767): Illuminate\Container\Container->make('translator', Array)
#4 D:\laragon\www\mso-booking\vendor\laravel\framework\src\Illuminate\Foundation\helpers.php(121): Illuminate\Foundation\Application->make('translator', Array)
#5 D:\laragon\www\mso-booking\vendor\laravel\framework\src\Illuminate\Foun {"exception":"[object] (Symfony\\Component\\Debug\\Exception\\FatalErrorException(code: 1): Uncaught ReflectionException: Class translator does not exist in D:\\laragon\\www\\mso-booking\\vendor\\laravel\\framework\\src\\Illuminate\\Container\\Container.php:788
Stack trace:
#0 D:\\laragon\\www\\mso-booking\\vendor\\laravel\\framework\\src\\Illuminate\\Container\\Container.php(788): ReflectionClass->__construct('translator')
#1 D:\\laragon\\www\\mso-booking\\vendor\\laravel\\framework\\src\\Illuminate\\Container\\Container.php(667): Illuminate\\Container\\Container->build('translator')
#2 D:\\laragon\\www\\mso-booking\\vendor\\laravel\\framework\\src\\Illuminate\\Container\\Container.php(615): Illuminate\\Container\\Container->resolve('translator', Array)
#3 D:\\laragon\\www\\mso-booking\\vendor\\laravel\\framework\\src\\Illuminate\\Foundation\\Application.php(767): Illuminate\\Container\\Container->make('translator', Array)
#4 D:\\laragon\\www\\mso-booking\\vendor\\laravel\\framework\\src\\Illuminate\\Foundation\\helpers.php(121): Illuminate\\Foundation\\Application->make('translator', Array)
#5 D:\\laragon\\www\\mso-booking\\vendor\\laravel\\framework\\src\\Illuminate\\Foun at D:\\laragon\\www\\mso-booking\\vendor\\laravel\\framework\\src\\Illuminate\\Container\\Container.php:788)
[stacktrace]
#0 {main}
"} 
[2020-11-24 14:38:48] local.ERROR: syntax error, unexpected ';', expecting ')' {"exception":"[object] (Symfony\\Component\\Debug\\Exception\\FatalThrowableError(code: 0): syntax error, unexpected ';', expecting ')' at D:\\laragon\\www\\mso-booking\\app\\Helpers\\HtmlHelpers.php:52)
[stacktrace]
#0 D:\\laragon\\www\\mso-booking\\vendor\\laravel\\framework\\src\\Illuminate\\Foundation\\Application.php(607): App\\Providers\\HelperServiceProvider->register()
#1 D:\\laragon\\www\\mso-booking\\vendor\\laravel\\framework\\src\\Illuminate\\Foundation\\ProviderRepository.php(75): Illuminate\\Foundation\\Application->register(Object(App\\Providers\\HelperServiceProvider))
#2 D:\\laragon\\www\\mso-booking\\vendor\\laravel\\framework\\src\\Illuminate\\Foundation\\Application.php(584): Illuminate\\Foundation\\ProviderRepository->load(Array)
#3 D:\\laragon\\www\\mso-booking\\vendor\\laravel\\framework\\src\\Illuminate\\Foundation\\Bootstrap\\RegisterProviders.php(17): Illuminate\\Foundation\\Application->registerConfiguredProviders()
#4 D:\\laragon\\www\\mso-booking\\vendor\\laravel\\framework\\src\\Illuminate\\Foundation\\Application.php(210): Illuminate\\Foundation\\Bootstrap\\RegisterProviders->bootstrap(Object(Illuminate\\Foundation\\Application))
#5 D:\\laragon\\www\\mso-booking\\vendor\\laravel\\framework\\src\\Illuminate\\Foundation\\Http\\Kernel.php(162): Illuminate\\Foundation\\Application->bootstrapWith(Array)
#6 D:\\laragon\\www\\mso-booking\\vendor\\laravel\\framework\\src\\Illuminate\\Foundation\\Http\\Kernel.php(146): Illuminate\\Foundation\\Http\\Kernel->bootstrap()
#7 D:\\laragon\\www\\mso-booking\\vendor\\laravel\\framework\\src\\Illuminate\\Foundation\\Http\\Kernel.php(116): Illuminate\\Foundation\\Http\\Kernel->sendRequestThroughRouter(Object(Illuminate\\Http\\Request))
#8 D:\\laragon\\www\\mso-booking\\public\\index.php(55): Illuminate\\Foundation\\Http\\Kernel->handle(Object(Illuminate\\Http\\Request))
#9 {main}
"} 
[2020-11-24 14:38:48] local.ERROR: Class translator does not exist (View: D:\laragon\www\mso-booking\vendor\laravel\framework\src\Illuminate\Foundation\Exceptions\views\500.blade.php) {"exception":"[object] (ErrorException(code: 0): Class translator does not exist (View: D:\\laragon\\www\\mso-booking\\vendor\\laravel\\framework\\src\\Illuminate\\Foundation\\Exceptions\\views\\500.blade.php) at D:\\laragon\\www\\mso-booking\\vendor\\laravel\\framework\\src\\Illuminate\\Container\\Container.php:788, ReflectionException(code: -1): Class translator does not exist at D:\\laragon\\www\\mso-booking\\vendor\\laravel\\framework\\src\\Illuminate\\Container\\Container.php:788)
[stacktrace]
#0 D:\\laragon\\www\\mso-booking\\vendor\\laravel\\framework\\src\\Illuminate\\View\\Engines\\PhpEngine.php(45): Illuminate\\View\\Engines\\CompilerEngine->handleViewException(Object(ReflectionException), 1)
#1 D:\\laragon\\www\\mso-booking\\vendor\\laravel\\framework\\src\\Illuminate\\View\\Engines\\CompilerEngine.php(59): Illuminate\\View\\Engines\\PhpEngine->evaluatePath('D:\\\\laragon\\\\www\\\\...', Array)
#2 D:\\laragon\\www\\mso-booking\\vendor\\laravel\\framework\\src\\Illuminate\\View\\View.php(142): Illuminate\\View\\Engines\\CompilerEngine->get('D:\\\\laragon\\\\www\\\\...', Array)
#3 D:\\laragon\\www\\mso-booking\\vendor\\laravel\\framework\\src\\Illuminate\\View\\View.php(125): Illuminate\\View\\View->getContents()
#4 D:\\laragon\\www\\mso-booking\\vendor\\laravel\\framework\\src\\Illuminate\\View\\View.php(90): Illuminate\\View\\View->renderContents()
#5 D:\\laragon\\www\\mso-booking\\vendor\\laravel\\framework\\src\\Illuminate\\Http\\Response.php(42): Illuminate\\View\\View->render()
#6 D:\\laragon\\www\\mso-booking\\vendor\\symfony\\http-foundation\\Response.php(205): Illuminate\\Http\\Response->setContent(Object(Illuminate\\View\\View))
#7 D:\\laragon\\www\\mso-booking\\vendor\\laravel\\framework\\src\\Illuminate\\Routing\\ResponseFactory.php(55): Symfony\\Component\\HttpFoundation\\Response->__construct(Object(Illuminate\\View\\View), 500, Array)
#8 D:\\laragon\\www\\mso-booking\\vendor\\laravel\\framework\\src\\Illuminate\\Routing\\ResponseFactory.php(81): Illuminate\\Routing\\ResponseFactory->make(Object(Illuminate\\View\\View), 500, Array)
#9 D:\\laragon\\www\\mso-booking\\vendor\\laravel\\framework\\src\\Illuminate\\Foundation\\Exceptions\\Handler.php(390): Illuminate\\Routing\\ResponseFactory->view('errors::500', Array, 500, Array)
#10 D:\\laragon\\www\\mso-booking\\vendor\\laravel\\framework\\src\\Illuminate\\Foundation\\Exceptions\\Handler.php(295): Illuminate\\Foundation\\Exceptions\\Handler->renderHttpException(Object(Symfony\\Component\\HttpKernel\\Exception\\HttpException))
#11 D:\\laragon\\www\\mso-booking\\vendor\\laravel\\framework\\src\\Illuminate\\Foundation\\Exceptions\\Handler.php(192): Illuminate\\Foundation\\Exceptions\\Handler->prepareResponse(Object(Illuminate\\Http\\Request), Object(Symfony\\Component\\HttpKernel\\Exception\\HttpException))
#12 D:\\laragon\\www\\mso-booking\\app\\Exceptions\\Handler.php(49): Illuminate\\Foundation\\Exceptions\\Handler->render(Object(Illuminate\\Http\\Request), Object(Symfony\\Component\\Debug\\Exception\\FatalThrowableError))
#13 D:\\laragon\\www\\mso-booking\\vendor\\laravel\\framework\\src\\Illuminate\\Foundation\\Http\\Kernel.php(326): App\\Exceptions\\Handler->render(Object(Illuminate\\Http\\Request), Object(Symfony\\Component\\Debug\\Exception\\FatalThrowableError))
#14 D:\\laragon\\www\\mso-booking\\vendor\\laravel\\framework\\src\\Illuminate\\Foundation\\Http\\Kernel.php(124): Illuminate\\Foundation\\Http\\Kernel->renderException(Object(Illuminate\\Http\\Request), Object(Symfony\\Component\\Debug\\Exception\\FatalThrowableError))
#15 D:\\laragon\\www\\mso-booking\\public\\index.php(55): Illuminate\\Foundation\\Http\\Kernel->handle(Object(Illuminate\\Http\\Request))
#16 {main}
"} 
[2020-11-24 14:38:48] local.ERROR: Uncaught ReflectionException: Class translator does not exist in D:\laragon\www\mso-booking\vendor\laravel\framework\src\Illuminate\Container\Container.php:788
Stack trace:
#0 D:\laragon\www\mso-booking\vendor\laravel\framework\src\Illuminate\Container\Container.php(788): ReflectionClass->__construct('translator')
#1 D:\laragon\www\mso-booking\vendor\laravel\framework\src\Illuminate\Container\Container.php(667): Illuminate\Container\Container->build('translator')
#2 D:\laragon\www\mso-booking\vendor\laravel\framework\src\Illuminate\Container\Container.php(615): Illuminate\Container\Container->resolve('translator', Array)
#3 D:\laragon\www\mso-booking\vendor\laravel\framework\src\Illuminate\Foundation\Application.php(767): Illuminate\Container\Container->make('translator', Array)
#4 D:\laragon\www\mso-booking\vendor\laravel\framework\src\Illuminate\Foundation\helpers.php(121): Illuminate\Foundation\Application->make('translator', Array)
#5 D:\laragon\www\mso-booking\vendor\laravel\framework\src\Illuminate\Foun {"exception":"[object] (Symfony\\Component\\Debug\\Exception\\FatalErrorException(code: 1): Uncaught ReflectionException: Class translator does not exist in D:\\laragon\\www\\mso-booking\\vendor\\laravel\\framework\\src\\Illuminate\\Container\\Container.php:788
Stack trace:
#0 D:\\laragon\\www\\mso-booking\\vendor\\laravel\\framework\\src\\Illuminate\\Container\\Container.php(788): ReflectionClass->__construct('translator')
#1 D:\\laragon\\www\\mso-booking\\vendor\\laravel\\framework\\src\\Illuminate\\Container\\Container.php(667): Illuminate\\Container\\Container->build('translator')
#2 D:\\laragon\\www\\mso-booking\\vendor\\laravel\\framework\\src\\Illuminate\\Container\\Container.php(615): Illuminate\\Container\\Container->resolve('translator', Array)
#3 D:\\laragon\\www\\mso-booking\\vendor\\laravel\\framework\\src\\Illuminate\\Foundation\\Application.php(767): Illuminate\\Container\\Container->make('translator', Array)
#4 D:\\laragon\\www\\mso-booking\\vendor\\laravel\\framework\\src\\Illuminate\\Foundation\\helpers.php(121): Illuminate\\Foundation\\Application->make('translator', Array)
#5 D:\\laragon\\www\\mso-booking\\vendor\\laravel\\framework\\src\\Illuminate\\Foun at D:\\laragon\\www\\mso-booking\\vendor\\laravel\\framework\\src\\Illuminate\\Container\\Container.php:788)
[stacktrace]
#0 {main}
"} 
[2020-11-24 14:38:49] local.ERROR: syntax error, unexpected ';', expecting ')' {"exception":"[object] (Symfony\\Component\\Debug\\Exception\\FatalThrowableError(code: 0): syntax error, unexpected ';', expecting ')' at D:\\laragon\\www\\mso-booking\\app\\Helpers\\HtmlHelpers.php:52)
[stacktrace]
#0 D:\\laragon\\www\\mso-booking\\vendor\\laravel\\framework\\src\\Illuminate\\Foundation\\Application.php(607): App\\Providers\\HelperServiceProvider->register()
#1 D:\\laragon\\www\\mso-booking\\vendor\\laravel\\framework\\src\\Illuminate\\Foundation\\ProviderRepository.php(75): Illuminate\\Foundation\\Application->register(Object(App\\Providers\\HelperServiceProvider))
#2 D:\\laragon\\www\\mso-booking\\vendor\\laravel\\framework\\src\\Illuminate\\Foundation\\Application.php(584): Illuminate\\Foundation\\ProviderRepository->load(Array)
#3 D:\\laragon\\www\\mso-booking\\vendor\\laravel\\framework\\src\\Illuminate\\Foundation\\Bootstrap\\RegisterProviders.php(17): Illuminate\\Foundation\\Application->registerConfiguredProviders()
#4 D:\\laragon\\www\\mso-booking\\vendor\\laravel\\framework\\src\\Illuminate\\Foundation\\Application.php(210): Illuminate\\Foundation\\Bootstrap\\RegisterProviders->bootstrap(Object(Illuminate\\Foundation\\Application))
#5 D:\\laragon\\www\\mso-booking\\vendor\\laravel\\framework\\src\\Illuminate\\Foundation\\Http\\Kernel.php(162): Illuminate\\Foundation\\Application->bootstrapWith(Array)
#6 D:\\laragon\\www\\mso-booking\\vendor\\laravel\\framework\\src\\Illuminate\\Foundation\\Http\\Kernel.php(146): Illuminate\\Foundation\\Http\\Kernel->bootstrap()
#7 D:\\laragon\\www\\mso-booking\\vendor\\laravel\\framework\\src\\Illuminate\\Foundation\\Http\\Kernel.php(116): Illuminate\\Foundation\\Http\\Kernel->sendRequestThroughRouter(Object(Illuminate\\Http\\Request))
#8 D:\\laragon\\www\\mso-booking\\public\\index.php(55): Illuminate\\Foundation\\Http\\Kernel->handle(Object(Illuminate\\Http\\Request))
#9 {main}
"} 
[2020-11-24 14:38:49] local.ERROR: Class translator does not exist (View: D:\laragon\www\mso-booking\vendor\laravel\framework\src\Illuminate\Foundation\Exceptions\views\500.blade.php) {"exception":"[object] (ErrorException(code: 0): Class translator does not exist (View: D:\\laragon\\www\\mso-booking\\vendor\\laravel\\framework\\src\\Illuminate\\Foundation\\Exceptions\\views\\500.blade.php) at D:\\laragon\\www\\mso-booking\\vendor\\laravel\\framework\\src\\Illuminate\\Container\\Container.php:788, ReflectionException(code: -1): Class translator does not exist at D:\\laragon\\www\\mso-booking\\vendor\\laravel\\framework\\src\\Illuminate\\Container\\Container.php:788)
[stacktrace]
#0 D:\\laragon\\www\\mso-booking\\vendor\\laravel\\framework\\src\\Illuminate\\View\\Engines\\PhpEngine.php(45): Illuminate\\View\\Engines\\CompilerEngine->handleViewException(Object(ReflectionException), 1)
#1 D:\\laragon\\www\\mso-booking\\vendor\\laravel\\framework\\src\\Illuminate\\View\\Engines\\CompilerEngine.php(59): Illuminate\\View\\Engines\\PhpEngine->evaluatePath('D:\\\\laragon\\\\www\\\\...', Array)
#2 D:\\laragon\\www\\mso-booking\\vendor\\laravel\\framework\\src\\Illuminate\\View\\View.php(142): Illuminate\\View\\Engines\\CompilerEngine->get('D:\\\\laragon\\\\www\\\\...', Array)
#3 D:\\laragon\\www\\mso-booking\\vendor\\laravel\\framework\\src\\Illuminate\\View\\View.php(125): Illuminate\\View\\View->getContents()
#4 D:\\laragon\\www\\mso-booking\\vendor\\laravel\\framework\\src\\Illuminate\\View\\View.php(90): Illuminate\\View\\View->renderContents()
#5 D:\\laragon\\www\\mso-booking\\vendor\\laravel\\framework\\src\\Illuminate\\Http\\Response.php(42): Illuminate\\View\\View->render()
#6 D:\\laragon\\www\\mso-booking\\vendor\\symfony\\http-foundation\\Response.php(205): Illuminate\\Http\\Response->setContent(Object(Illuminate\\View\\View))
#7 D:\\laragon\\www\\mso-booking\\vendor\\laravel\\framework\\src\\Illuminate\\Routing\\ResponseFactory.php(55): Symfony\\Component\\HttpFoundation\\Response->__construct(Object(Illuminate\\View\\View), 500, Array)
#8 D:\\laragon\\www\\mso-booking\\vendor\\laravel\\framework\\src\\Illuminate\\Routing\\ResponseFactory.php(81): Illuminate\\Routing\\ResponseFactory->make(Object(Illuminate\\View\\View), 500, Array)
#9 D:\\laragon\\www\\mso-booking\\vendor\\laravel\\framework\\src\\Illuminate\\Foundation\\Exceptions\\Handler.php(390): Illuminate\\Routing\\ResponseFactory->view('errors::500', Array, 500, Array)
#10 D:\\laragon\\www\\mso-booking\\vendor\\laravel\\framework\\src\\Illuminate\\Foundation\\Exceptions\\Handler.php(295): Illuminate\\Foundation\\Exceptions\\Handler->renderHttpException(Object(Symfony\\Component\\HttpKernel\\Exception\\HttpException))
#11 D:\\laragon\\www\\mso-booking\\vendor\\laravel\\framework\\src\\Illuminate\\Foundation\\Exceptions\\Handler.php(192): Illuminate\\Foundation\\Exceptions\\Handler->prepareResponse(Object(Illuminate\\Http\\Request), Object(Symfony\\Component\\HttpKernel\\Exception\\HttpException))
#12 D:\\laragon\\www\\mso-booking\\app\\Exceptions\\Handler.php(49): Illuminate\\Foundation\\Exceptions\\Handler->render(Object(Illuminate\\Http\\Request), Object(Symfony\\Component\\Debug\\Exception\\FatalThrowableError))
#13 D:\\laragon\\www\\mso-booking\\vendor\\laravel\\framework\\src\\Illuminate\\Foundation\\Http\\Kernel.php(326): App\\Exceptions\\Handler->render(Object(Illuminate\\Http\\Request), Object(Symfony\\Component\\Debug\\Exception\\FatalThrowableError))
#14 D:\\laragon\\www\\mso-booking\\vendor\\laravel\\framework\\src\\Illuminate\\Foundation\\Http\\Kernel.php(124): Illuminate\\Foundation\\Http\\Kernel->renderException(Object(Illuminate\\Http\\Request), Object(Symfony\\Component\\Debug\\Exception\\FatalThrowableError))
#15 D:\\laragon\\www\\mso-booking\\public\\index.php(55): Illuminate\\Foundation\\Http\\Kernel->handle(Object(Illuminate\\Http\\Request))
#16 {main}
"} 
[2020-11-24 14:38:49] local.ERROR: Uncaught ReflectionException: Class translator does not exist in D:\laragon\www\mso-booking\vendor\laravel\framework\src\Illuminate\Container\Container.php:788
Stack trace:
#0 D:\laragon\www\mso-booking\vendor\laravel\framework\src\Illuminate\Container\Container.php(788): ReflectionClass->__construct('translator')
#1 D:\laragon\www\mso-booking\vendor\laravel\framework\src\Illuminate\Container\Container.php(667): Illuminate\Container\Container->build('translator')
#2 D:\laragon\www\mso-booking\vendor\laravel\framework\src\Illuminate\Container\Container.php(615): Illuminate\Container\Container->resolve('translator', Array)
#3 D:\laragon\www\mso-booking\vendor\laravel\framework\src\Illuminate\Foundation\Application.php(767): Illuminate\Container\Container->make('translator', Array)
#4 D:\laragon\www\mso-booking\vendor\laravel\framework\src\Illuminate\Foundation\helpers.php(121): Illuminate\Foundation\Application->make('translator', Array)
#5 D:\laragon\www\mso-booking\vendor\laravel\framework\src\Illuminate\Foun {"exception":"[object] (Symfony\\Component\\Debug\\Exception\\FatalErrorException(code: 1): Uncaught ReflectionException: Class translator does not exist in D:\\laragon\\www\\mso-booking\\vendor\\laravel\\framework\\src\\Illuminate\\Container\\Container.php:788
Stack trace:
#0 D:\\laragon\\www\\mso-booking\\vendor\\laravel\\framework\\src\\Illuminate\\Container\\Container.php(788): ReflectionClass->__construct('translator')
#1 D:\\laragon\\www\\mso-booking\\vendor\\laravel\\framework\\src\\Illuminate\\Container\\Container.php(667): Illuminate\\Container\\Container->build('translator')
#2 D:\\laragon\\www\\mso-booking\\vendor\\laravel\\framework\\src\\Illuminate\\Container\\Container.php(615): Illuminate\\Container\\Container->resolve('translator', Array)
#3 D:\\laragon\\www\\mso-booking\\vendor\\laravel\\framework\\src\\Illuminate\\Foundation\\Application.php(767): Illuminate\\Container\\Container->make('translator', Array)
#4 D:\\laragon\\www\\mso-booking\\vendor\\laravel\\framework\\src\\Illuminate\\Foundation\\helpers.php(121): Illuminate\\Foundation\\Application->make('translator', Array)
#5 D:\\laragon\\www\\mso-booking\\vendor\\laravel\\framework\\src\\Illuminate\\Foun at D:\\laragon\\www\\mso-booking\\vendor\\laravel\\framework\\src\\Illuminate\\Container\\Container.php:788)
[stacktrace]
#0 {main}
"} 
[2020-11-24 14:44:02] local.ERROR: Undefined variable: rs (View: D:\laragon\www\mso-booking\resources\views\include\__booking-vehicle-show.blade.php) {"userId":1,"exception":"[object] (ErrorException(code: 0): Undefined variable: rs (View: D:\\laragon\\www\\mso-booking\esources\\views\\include\\__booking-vehicle-show.blade.php) at D:\\laragon\\www\\mso-booking\\app\\Helpers\\HtmlHelpers.php:58, ErrorException(code: 0): Undefined variable: rs at D:\\laragon\\www\\mso-booking\\app\\Helpers\\HtmlHelpers.php:58)
[stacktrace]
#0 D:\\laragon\\www\\mso-booking\\vendor\\laravel\\framework\\src\\Illuminate\\View\\Engines\\PhpEngine.php(45): Illuminate\\View\\Engines\\CompilerEngine->handleViewException(Object(ErrorException), 1)
#1 D:\\laragon\\www\\mso-booking\\vendor\\laravel\\framework\\src\\Illuminate\\View\\Engines\\CompilerEngine.php(59): Illuminate\\View\\Engines\\PhpEngine->evaluatePath('D:\\\\laragon\\\\www\\\\...', Array)
#2 D:\\laragon\\www\\mso-booking\\vendor\\laravel\\framework\\src\\Illuminate\\View\\View.php(142): Illuminate\\View\\Engines\\CompilerEngine->get('D:\\\\laragon\\\\www\\\\...', Array)
#3 D:\\laragon\\www\\mso-booking\\vendor\\laravel\\framework\\src\\Illuminate\\View\\View.php(125): Illuminate\\View\\View->getContents()
#4 D:\\laragon\\www\\mso-booking\\vendor\\laravel\\framework\\src\\Illuminate\\View\\View.php(90): Illuminate\\View\\View->renderContents()
#5 D:\\laragon\\www\\mso-booking\\vendor\\laravel\\framework\\src\\Illuminate\\Http\\Response.php(42): Illuminate\\View\\View->render()
#6 D:\\laragon\\www\\mso-booking\\vendor\\symfony\\http-foundation\\Response.php(205): Illuminate\\Http\\Response->setContent(Object(Illuminate\\View\\View))
#7 D:\\laragon\\www\\mso-booking\\vendor\\laravel\\framework\\src\\Illuminate\\Routing\\Router.php(748): Symfony\\Component\\HttpFoundation\\Response->__construct(Object(Illuminate\\View\\View))
#8 D:\\laragon\\www\\mso-booking\\vendor\\laravel\\framework\\src\\Illuminate\\Routing\\Router.php(720): Illuminate\\Routing\\Router::toResponse(Object(Illuminate\\Http\\Request), Object(Illuminate\\View\\View))
#9 D:\\laragon\\www\\mso-booking\\vendor\\laravel\\framework\\src\\Illuminate\\Routing\\Router.php(680): Illuminate\\Routing\\Router->prepareResponse(Object(Illuminate\\Http\\Request), Object(Illuminate\\View\\View))
#10 D:\\laragon\\www\\mso-booking\\vendor\\laravel\\framework\\src\\Illuminate\\Routing\\Pipeline.php(30): Illuminate\\Routing\\Router->Illuminate\\Routing\\{closure}(Object(Illuminate\\Http\\Request))
#11 D:\\laragon\\www\\mso-booking\\vendor\\laravel\\framework\\src\\Illuminate\\Routing\\Middleware\\SubstituteBindings.php(41): Illuminate\\Routing\\Pipeline->Illuminate\\Routing\\{closure}(Object(Illuminate\\Http\\Request))
#12 D:\\laragon\\www\\mso-booking\\vendor\\laravel\\framework\\src\\Illuminate\\Pipeline\\Pipeline.php(163): Illuminate\\Routing\\Middleware\\SubstituteBindings->handle(Object(Illuminate\\Http\\Request), Object(Closure))
#13 D:\\laragon\\www\\mso-booking\\vendor\\laravel\\framework\\src\\Illuminate\\Routing\\Pipeline.php(53): Illuminate\\Pipeline\\Pipeline->Illuminate\\Pipeline\\{closure}(Object(Illuminate\\Http\\Request))
#14 D:\\laragon\\www\\mso-booking\\vendor\\laravel\\framework\\src\\Illuminate\\Foundation\\Http\\Middleware\\VerifyCsrfToken.php(75): Illuminate\\Routing\\Pipeline->Illuminate\\Routing\\{closure}(Object(Illuminate\\Http\\Request))
#15 D:\\laragon\\www\\mso-booking\\vendor\\laravel\\framework\\src\\Illuminate\\Pipeline\\Pipeline.php(163): Illuminate\\Foundation\\Http\\Middleware\\VerifyCsrfToken->handle(Object(Illuminate\\Http\\Request), Object(Closure))
#16 D:\\laragon\\www\\mso-booking\\vendor\\laravel\\framework\\src\\Illuminate\\Routing\\Pipeline.php(53): Illuminate\\Pipeline\\Pipeline->Illuminate\\Pipeline\\{closure}(Object(Illuminate\\Http\\Request))
#17 D:\\laragon\\www\\mso-booking\\vendor\\laravel\\framework\\src\\Illuminate\\View\\Middleware\\ShareErrorsFromSession.php(49): Illuminate\\Routing\\Pipeline->Illuminate\\Routing\\{closure}(Object(Illuminate\\Http\\Request))
#18 D:\\laragon\\www\\mso-booking\\vendor\\laravel\\framework\\src\\Illuminate\\Pipeline\\Pipeline.php(163): Illuminate\\View\\Middleware\\ShareErrorsFromSession->handle(Object(Illuminate\\Http\\Request), Object(Closure))
#19 D:\\laragon\\www\\mso-booking\\vendor\\laravel\\framework\\src\\Illuminate\\Routing\\Pipeline.php(53): Illuminate\\Pipeline\\Pipeline->Illuminate\\Pipeline\\{closure}(Object(Illuminate\\Http\\Request))
#20 D:\\laragon\\www\\mso-booking\\vendor\\laravel\\framework\\src\\Illuminate\\Session\\Middleware\\StartSession.php(56): Illuminate\\Routing\\Pipeline->Illuminate\\Routing\\{closure}(Object(Illuminate\\Http\\Request))
#21 D:\\laragon\\www\\mso-booking\\vendor\\laravel\\framework\\src\\Illuminate\\Pipeline\\Pipeline.php(163): Illuminate\\Session\\Middleware\\StartSession->handle(Object(Illuminate\\Http\\Request), Object(Closure))
#22 D:\\laragon\\www\\mso-booking\\vendor\\laravel\\framework\\src\\Illuminate\\Routing\\Pipeline.php(53): Illuminate\\Pipeline\\Pipeline->Illuminate\\Pipeline\\{closure}(Object(Illuminate\\Http\\Request))
#23 D:\\laragon\\www\\mso-booking\\vendor\\laravel\\framework\\src\\Illuminate\\Cookie\\Middleware\\AddQueuedCookiesToResponse.php(37): Illuminate\\Routing\\Pipeline->Illuminate\\Routing\\{closure}(Object(Illuminate\\Http\\Request))
#24 D:\\laragon\\www\\mso-booking\\vendor\\laravel\\framework\\src\\Illuminate\\Pipeline\\Pipeline.php(163): Illuminate\\Cookie\\Middleware\\AddQueuedCookiesToResponse->handle(Object(Illuminate\\Http\\Request), Object(Closure))
#25 D:\\laragon\\www\\mso-booking\\vendor\\laravel\\framework\\src\\Illuminate\\Routing\\Pipeline.php(53): Illuminate\\Pipeline\\Pipeline->Illuminate\\Pipeline\\{closure}(Object(Illuminate\\Http\\Request))
#26 D:\\laragon\\www\\mso-booking\\vendor\\laravel\\framework\\src\\Illuminate\\Cookie\\Middleware\\EncryptCookies.php(66): Illuminate\\Routing\\Pipeline->Illuminate\\Routing\\{closure}(Object(Illuminate\\Http\\Request))
#27 D:\\laragon\\www\\mso-booking\\vendor\\laravel\\framework\\src\\Illuminate\\Pipeline\\Pipeline.php(163): Illuminate\\Cookie\\Middleware\\EncryptCookies->handle(Object(Illuminate\\Http\\Request), Object(Closure))
#28 D:\\laragon\\www\\mso-booking\\vendor\\laravel\\framework\\src\\Illuminate\\Routing\\Pipeline.php(53): Illuminate\\Pipeline\\Pipeline->Illuminate\\Pipeline\\{closure}(Object(Illuminate\\Http\\Request))
#29 D:\\laragon\\www\\mso-booking\\vendor\\laravel\\framework\\src\\Illuminate\\Pipeline\\Pipeline.php(104): Illuminate\\Routing\\Pipeline->Illuminate\\Routing\\{closure}(Object(Illuminate\\Http\\Request))
#30 D:\\laragon\\www\\mso-booking\\vendor\\laravel\\framework\\src\\Illuminate\\Routing\\Router.php(682): Illuminate\\Pipeline\\Pipeline->then(Object(Closure))
#31 D:\\laragon\\www\\mso-booking\\vendor\\laravel\\framework\\src\\Illuminate\\Routing\\Router.php(657): Illuminate\\Routing\\Router->runRouteWithinStack(Object(Illuminate\\Routing\\Route), Object(Illuminate\\Http\\Request))
#32 D:\\laragon\\www\\mso-booking\\vendor\\laravel\\framework\\src\\Illuminate\\Routing\\Router.php(623): Illuminate\\Routing\\Router->runRoute(Object(Illuminate\\Http\\Request), Object(Illuminate\\Routing\\Route))
#33 D:\\laragon\\www\\mso-booking\\vendor\\laravel\\framework\\src\\Illuminate\\Routing\\Router.php(612): Illuminate\\Routing\\Router->dispatchToRoute(Object(Illuminate\\Http\\Request))
#34 D:\\laragon\\www\\mso-booking\\vendor\\laravel\\framework\\src\\Illuminate\\Foundation\\Http\\Kernel.php(176): Illuminate\\Routing\\Router->dispatch(Object(Illuminate\\Http\\Request))
#35 D:\\laragon\\www\\mso-booking\\vendor\\laravel\\framework\\src\\Illuminate\\Routing\\Pipeline.php(30): Illuminate\\Foundation\\Http\\Kernel->Illuminate\\Foundation\\Http\\{closure}(Object(Illuminate\\Http\\Request))
#36 D:\\laragon\\www\\mso-booking\\vendor\\proengsoft\\laravel-jsvalidation\\src\\RemoteValidationMiddleware.php(61): Illuminate\\Routing\\Pipeline->Illuminate\\Routing\\{closure}(Object(Illuminate\\Http\\Request))
#37 D:\\laragon\\www\\mso-booking\\vendor\\laravel\\framework\\src\\Illuminate\\Pipeline\\Pipeline.php(163): Proengsoft\\JsValidation\\RemoteValidationMiddleware->handle(Object(Illuminate\\Http\\Request), Object(Closure))
#38 D:\\laragon\\www\\mso-booking\\vendor\\laravel\\framework\\src\\Illuminate\\Routing\\Pipeline.php(53): Illuminate\\Pipeline\\Pipeline->Illuminate\\Pipeline\\{closure}(Object(Illuminate\\Http\\Request))
#39 D:\\laragon\\www\\mso-booking\\vendor\\barryvdh\\laravel-debugbar\\src\\Middleware\\InjectDebugbar.php(58): Illuminate\\Routing\\Pipeline->Illuminate\\Routing\\{closure}(Object(Illuminate\\Http\\Request))
#40 D:\\laragon\\www\\mso-booking\\vendor\\laravel\\framework\\src\\Illuminate\\Pipeline\\Pipeline.php(163): Barryvdh\\Debugbar\\Middleware\\InjectDebugbar->handle(Object(Illuminate\\Http\\Request), Object(Closure))
#41 D:\\laragon\\www\\mso-booking\\vendor\\laravel\\framework\\src\\Illuminate\\Routing\\Pipeline.php(53): Illuminate\\Pipeline\\Pipeline->Illuminate\\Pipeline\\{closure}(Object(Illuminate\\Http\\Request))
#42 D:\\laragon\\www\\mso-booking\\vendor\\fideloper\\proxy\\src\\TrustProxies.php(57): Illuminate\\Routing\\Pipeline->Illuminate\\Routing\\{closure}(Object(Illuminate\\Http\\Request))
#43 D:\\laragon\\www\\mso-booking\\vendor\\laravel\\framework\\src\\Illuminate\\Pipeline\\Pipeline.php(163): Fideloper\\Proxy\\TrustProxies->handle(Object(Illuminate\\Http\\Request), Object(Closure))
#44 D:\\laragon\\www\\mso-booking\\vendor\\laravel\\framework\\src\\Illuminate\\Routing\\Pipeline.php(53): Illuminate\\Pipeline\\Pipeline->Illuminate\\Pipeline\\{closure}(Object(Illuminate\\Http\\Request))
#45 D:\\laragon\\www\\mso-booking\\vendor\\laravel\\framework\\src\\Illuminate\\Foundation\\Http\\Middleware\\TransformsRequest.php(21): Illuminate\\Routing\\Pipeline->Illuminate\\Routing\\{closure}(Object(Illuminate\\Http\\Request))
#46 D:\\laragon\\www\\mso-booking\\vendor\\laravel\\framework\\src\\Illuminate\\Pipeline\\Pipeline.php(163): Illuminate\\Foundation\\Http\\Middleware\\TransformsRequest->handle(Object(Illuminate\\Http\\Request), Object(Closure))
#47 D:\\laragon\\www\\mso-booking\\vendor\\laravel\\framework\\src\\Illuminate\\Routing\\Pipeline.php(53): Illuminate\\Pipeline\\Pipeline->Illuminate\\Pipeline\\{closure}(Object(Illuminate\\Http\\Request))
#48 D:\\laragon\\www\\mso-booking\\vendor\\laravel\\framework\\src\\Illuminate\\Foundation\\Http\\Middleware\\TransformsRequest.php(21): Illuminate\\Routing\\Pipeline->Illuminate\\Routing\\{closure}(Object(Illuminate\\Http\\Request))
#49 D:\\laragon\\www\\mso-booking\\vendor\\laravel\\framework\\src\\Illuminate\\Pipeline\\Pipeline.php(163): Illuminate\\Foundation\\Http\\Middleware\\TransformsRequest->handle(Object(Illuminate\\Http\\Request), Object(Closure))
#50 D:\\laragon\\www\\mso-booking\\vendor\\laravel\\framework\\src\\Illuminate\\Routing\\Pipeline.php(53): Illuminate\\Pipeline\\Pipeline->Illuminate\\Pipeline\\{closure}(Object(Illuminate\\Http\\Request))
#51 D:\\laragon\\www\\mso-booking\\vendor\\laravel\\framework\\src\\Illuminate\\Foundation\\Http\\Middleware\\ValidatePostSize.php(27): Illuminate\\Routing\\Pipeline->Illuminate\\Routing\\{closure}(Object(Illuminate\\Http\\Request))
#52 D:\\laragon\\www\\mso-booking\\vendor\\laravel\\framework\\src\\Illuminate\\Pipeline\\Pipeline.php(163): Illuminate\\Foundation\\Http\\Middleware\\ValidatePostSize->handle(Object(Illuminate\\Http\\Request), Object(Closure))
#53 D:\\laragon\\www\\mso-booking\\vendor\\laravel\\framework\\src\\Illuminate\\Routing\\Pipeline.php(53): Illuminate\\Pipeline\\Pipeline->Illuminate\\Pipeline\\{closure}(Object(Illuminate\\Http\\Request))
#54 D:\\laragon\\www\\mso-booking\\vendor\\laravel\\framework\\src\\Illuminate\\Foundation\\Http\\Middleware\\CheckForMaintenanceMode.php(62): Illuminate\\Routing\\Pipeline->Illuminate\\Routing\\{closure}(Object(Illuminate\\Http\\Request))
#55 D:\\laragon\\www\\mso-booking\\vendor\\laravel\\framework\\src\\Illuminate\\Pipeline\\Pipeline.php(163): Illuminate\\Foundation\\Http\\Middleware\\CheckForMaintenanceMode->handle(Object(Illuminate\\Http\\Request), Object(Closure))
#56 D:\\laragon\\www\\mso-booking\\vendor\\laravel\\framework\\src\\Illuminate\\Routing\\Pipeline.php(53): Illuminate\\Pipeline\\Pipeline->Illuminate\\Pipeline\\{closure}(Object(Illuminate\\Http\\Request))
#57 D:\\laragon\\www\\mso-booking\\vendor\\laravel\\framework\\src\\Illuminate\\Pipeline\\Pipeline.php(104): Illuminate\\Routing\\Pipeline->Illuminate\\Routing\\{closure}(Object(Illuminate\\Http\\Request))
#58 D:\\laragon\\www\\mso-booking\\vendor\\laravel\\framework\\src\\Illuminate\\Foundation\\Http\\Kernel.php(151): Illuminate\\Pipeline\\Pipeline->then(Object(Closure))
#59 D:\\laragon\\www\\mso-booking\\vendor\\laravel\\framework\\src\\Illuminate\\Foundation\\Http\\Kernel.php(116): Illuminate\\Foundation\\Http\\Kernel->sendRequestThroughRouter(Object(Illuminate\\Http\\Request))
#60 D:\\laragon\\www\\mso-booking\\public\\index.php(55): Illuminate\\Foundation\\Http\\Kernel->handle(Object(Illuminate\\Http\\Request))
#61 {main}
"} 
